1531854882559	geckodriver	INFO	geckodriver 0.18.0
1531854882565	geckodriver	INFO	Listening on 127.0.0.1:54495
Usage:
    geckodriver [OPTIONS]
geckodriver: Unknown option --port
Usage:
    geckodriver [OPTIONS]
geckodriver: Unknown option --port
Usage:
    geckodriver [OPTIONS]
geckodriver: Unknown option --port
Usage:
    geckodriver [OPTIONS]
geckodriver: Unknown option --port
Usage:
    geckodriver [OPTIONS]
geckodriver: Unknown option --port
Usage:
    geckodriver [OPTIONS]
geckodriver: Unknown option --port
1531881547265	geckodriver	INFO	geckodriver 0.19.1
1531881547272	geckodriver	INFO	Listening on 127.0.0.1:59848
1531881559100	geckodriver	INFO	geckodriver 0.19.1
1531881559106	geckodriver	INFO	Listening on 127.0.0.1:59860
1531881740307	geckodriver	INFO	geckodriver 0.19.1
1531881740318	geckodriver	INFO	Listening on 127.0.0.1:60011
1531882178006	geckodriver	INFO	geckodriver 0.19.1
1531882178062	geckodriver	INFO	Listening on 127.0.0.1:60358
1531882179135	mozrunner::runner	INFO	Running command: "/Applications/Firefox.app/Contents/MacOS/firefox-bin" "-marionette" "-profile" "/var/folders/fb/npk2h2js1hs86qst3y_h072h0000gn/T/rust_mozprofile.TZj8gPKsCpx9"
2018-07-18 10:49:41.149 plugin-container[1805:1538652] *** CFMessagePort: bootstrap_register(): failed 1100 (0x44c) 'Permission denied', port = 0x7c43, name = 'com.apple.tsm.portname'
See /usr/include/servers/bootstrap_defs.h for the error codes.
2018-07-18 10:49:41.499 plugin-container[1805:1538652] *** CFMessagePort: bootstrap_register(): failed 1100 (0x44c) 'Permission denied', port = 0x7c7f, name = 'com.apple.coredrag'
See /usr/include/servers/bootstrap_defs.h for the error codes.
2018-07-18 10:49:41.604 plugin-container[1811:1538686] *** CFMessagePort: bootstrap_register(): failed 1100 (0x44c) 'Permission denied', port = 0x8b43, name = 'com.apple.tsm.portname'
See /usr/include/servers/bootstrap_defs.h for the error codes.
2018-07-18 10:49:41.797 plugin-container[1811:1538686] *** CFMessagePort: bootstrap_register(): failed 1100 (0x44c) 'Permission denied', port = 0x8bbf, name = 'com.apple.coredrag'
See /usr/include/servers/bootstrap_defs.h for the error codes.
1531882182055	Marionette	INFO	Listening on port 60364
1531882182100	Marionette	WARN	TLS certificate errors will be ignored for this session
2018-07-18 10:49:43.173 plugin-container[1817:1538798] *** CFMessagePort: bootstrap_register(): failed 1100 (0x44c) 'Permission denied', port = 0x8a43, name = 'com.apple.tsm.portname'
See /usr/include/servers/bootstrap_defs.h for the error codes.
JavaScript error: https://ss1.bdstatic.com/5eN1bjq8AAUYm2zgoY3K/r/www/cache/static/protocol/https/plugins/every_cookie_mac_82990d4.js, line 4: ReferenceError: c is not defined
2018-07-18 10:49:43.398 plugin-container[1817:1538798] *** CFMessagePort: bootstrap_register(): failed 1100 (0x44c) 'Permission denied', port = 0x8abf, name = 'com.apple.coredrag'
See /usr/include/servers/bootstrap_defs.h for the error codes.
*** UTM:SVC TimerManager:registerTimer called after profile-before-change notification. Ignoring timer registration for id: telemetry_modules_ping
1531882202353	geckodriver	INFO	geckodriver 0.19.1
1531882202359	geckodriver	INFO	Listening on 127.0.0.1:60423
1531882203545	mozrunner::runner	INFO	Running command: "/Applications/Firefox.app/Contents/MacOS/firefox-bin" "-marionette" "-profile" "/var/folders/fb/npk2h2js1hs86qst3y_h072h0000gn/T/rust_mozprofile.ZagDrl0KqYz3"
2018-07-18 10:50:05.727 plugin-container[1962:1539739] *** CFMessagePort: bootstrap_register(): failed 1100 (0x44c) 'Permission denied', port = 0x833f, name = 'com.apple.tsm.portname'
See /usr/include/servers/bootstrap_defs.h for the error codes.
2018-07-18 10:50:05.864 plugin-container[1962:1539739] *** CFMessagePort: bootstrap_register(): failed 1100 (0x44c) 'Permission denied', port = 0x84a7, name = 'com.apple.coredrag'
See /usr/include/servers/bootstrap_defs.h for the error codes.
2018-07-18 10:50:05.933 plugin-container[1964:1539764] *** CFMessagePort: bootstrap_register(): failed 1100 (0x44c) 'Permission denied', port = 0x883f, name = 'com.apple.tsm.portname'
See /usr/include/servers/bootstrap_defs.h for the error codes.
2018-07-18 10:50:06.114 plugin-container[1964:1539764] *** CFMessagePort: bootstrap_register(): failed 1100 (0x44c) 'Permission denied', port = 0x896b, name = 'com.apple.coredrag'
See /usr/include/servers/bootstrap_defs.h for the error codes.
1531882206495	Marionette	INFO	Listening on port 60429
1531882206616	Marionette	WARN	TLS certificate errors will be ignored for this session
2018-07-18 10:50:06.737 plugin-container[1970:1539935] *** CFMessagePort: bootstrap_register(): failed 1100 (0x44c) 'Permission denied', port = 0x7a43, name = 'com.apple.tsm.portname'
See /usr/include/servers/bootstrap_defs.h for the error codes.
2018-07-18 10:50:06.960 plugin-container[1970:1539935] *** CFMessagePort: bootstrap_register(): failed 1100 (0x44c) 'Permission denied', port = 0x7a43, name = 'com.apple.coredrag'
See /usr/include/servers/bootstrap_defs.h for the error codes.
JavaScript error: https://ss1.bdstatic.com/5eN1bjq8AAUYm2zgoY3K/r/www/cache/static/protocol/https/plugins/every_cookie_mac_82990d4.js, line 4: ReferenceError: c is not defined
1531882335814	addons.productaddons	WARN	Failed downloading via XHR, status: 0, reason: error
2018-07-18 11:15:28.881 plugin-container[11102:1593558] *** CFMessagePort: bootstrap_register(): failed 1100 (0x44c) 'Permission denied', port = 0x8943, name = 'com.apple.tsm.portname'
See /usr/include/servers/bootstrap_defs.h for the error codes.
2018-07-18 11:15:29.300 plugin-container[11102:1593558] *** CFMessagePort: bootstrap_register(): failed 1100 (0x44c) 'Permission denied', port = 0x8913, name = 'com.apple.coredrag'
See /usr/include/servers/bootstrap_defs.h for the error codes.
2018-07-18 11:15:39.621 plugin-container[11158:1593915] *** CFMessagePort: bootstrap_register(): failed 1100 (0x44c) 'Permission denied', port = 0x8a0b, name = 'com.apple.tsm.portname'
See /usr/include/servers/bootstrap_defs.h for the error codes.
2018-07-18 11:15:40.165 plugin-container[11158:1593915] *** CFMessagePort: bootstrap_register(): failed 1100 (0x44c) 'Permission denied', port = 0x8a0b, name = 'com.apple.coredrag'
See /usr/include/servers/bootstrap_defs.h for the error codes.
[Child 1970, Chrome_ChildThread] WARNING: pipe error: Broken pipe: file /builds/worker/workspace/build/src/ipc/chromium/src/chrome/common/ipc_channel_posix.cc, line 709
[Child 1970, Chrome_ChildThread] WARNING: pipe error: Broken pipe: file /builds/worker/workspace/build/src/ipc/chromium/src/chrome/common/ipc_channel_posix.cc, line 709
